<?xml version="1.0" encoding="UTF-8"?>
<testsuite xmlns:xsi="http://www.w3.org/2001/XMLSchema-instance" xsi:noNamespaceSchemaLocation="https://maven.apache.org/surefire/maven-surefire-plugin/xsd/surefire-test-report.xsd" name="com.itheima.web.DemoTest" time="0.033" tests="2" errors="0" skipped="0" failures="0">
  <properties>
[...]
</properties>
  <testcase name="testDemo1" classname="com.itheima.web.DemoTest" time="0.004"/>
  <testcase name="testDemo2" classname="com.itheima.web.DemoTest" time="0.002"/>
</testsuite>